<?xml version="1.0" encoding="UTF-8"?>
<!-- Generated by org.testng.reporters.JUnitReportReporter -->
<testsuite hostname="IVMLAP268-COM" failures="0" tests="1" name="ResReq.ResReq.Demo1" time="2.554" errors="0" timestamp="2022-07-11T14:34:23 IST" skipped="0">
  <testcase classname="ResReq.ResReq.Demo1" name="Demo" time="2.554"/>
  <system-out/>
</testsuite> <!-- ResReq.ResReq.Demo1 -->
